 'E' => ['P', 'U', 'G', 'S', 'M', 'J', 'C']
 'Z' => ['J', 'E', 'Q', 'R', 'C', 'P', 'A', 'W', 'O']
 'B' => ['T', 'V', 'L', 'K']
 'C' => ['L', 'S', 'T', 'J']
 'D' => ['O', 'K']
 'A' => ['B', 'J', 'S']
 'R' => ['G', 'V']
 'G' => ['U']
 'F' => ['U', 'M', 'W', 'Q', 'Z', 'H', 'N', 'P', 'J', 'R', 'A', 'Y']
 'Q' => ['X', 'C', 'S', 'E', 'W', 'L', 'B']
 'P' => ['Y', 'T', 'A', 'J']
 'N' => ['E', 'Q', 'P', 'A', 'K', 'I', 'J', 'D', 'Y', 'L', 'R']
 'K' => ['T']
 'M' => ['R']
 'I' => ['R', 'M', 'T', 'V']
 'J' => ['D', 'U', 'L']
 'H' => ['K', 'D', 'N', 'W', 'B', 'Q', 'V', 'A', 'E', 'G']
 'W' => ['I', 'A', 'G', 'B', 'M', 'S']
 'S' => ['V', 'G', 'M', 'L', 'X', 'D']
 'T' => ['G', 'U']
 'L' => ['U']
 'V' => ['U']
nodeps1 was ['O', 'U', 'X', 'Y']
nodeps2 was Char[]
nodeps3 was Char[]
---
 'E' => ['P', 'G', 'S', 'M', 'J', 'C']
 'Z' => ['J', 'E', 'Q', 'R', 'C', 'P', 'A', 'W']
 'B' => ['T', 'V', 'L', 'K']
 'C' => ['L', 'S', 'T', 'J']
 'D' => ['K']
 'A' => ['B', 'J', 'S']
 'R' => ['G', 'V']
 'F' => ['M', 'W', 'Q', 'Z', 'H', 'N', 'P', 'J', 'R', 'A']
 'Q' => ['C', 'S', 'E', 'W', 'L', 'B']
 'P' => ['T', 'A', 'J']
 'N' => ['E', 'Q', 'P', 'A', 'K', 'I', 'J', 'D', 'L', 'R']
 'K' => ['T']
 'M' => ['R']
 'I' => ['R', 'M', 'T', 'V']
 'J' => ['D', 'L']
 'H' => ['K', 'D', 'N', 'W', 'B', 'Q', 'V', 'A', 'E', 'G']
 'W' => ['I', 'A', 'G', 'B', 'M', 'S']
 'S' => ['V', 'G', 'M', 'L', 'D']
 'T' => ['G']
nodeps1 was ['G', 'L', 'V']
nodeps2 was ['O', 'U', 'X', 'Y']
nodeps3 was ['-']
---
 'E' => ['P', 'S', 'M', 'J', 'C']
 'Z' => ['J', 'E', 'Q', 'R', 'C', 'P', 'A', 'W']
 'B' => ['T', 'K']
 'C' => ['S', 'T', 'J']
 'D' => ['K']
 'A' => ['B', 'J', 'S']
 'F' => ['M', 'W', 'Q', 'Z', 'H', 'N', 'P', 'J', 'R', 'A']
 'Q' => ['C', 'S', 'E', 'W', 'B']
 'P' => ['T', 'A', 'J']
 'N' => ['E', 'Q', 'P', 'A', 'K', 'I', 'J', 'D', 'R']
 'K' => ['T']
 'M' => ['R']
 'I' => ['R', 'M', 'T']
 'J' => ['D']
 'H' => ['K', 'D', 'N', 'W', 'B', 'Q', 'A', 'E']
 'W' => ['I', 'A', 'B', 'M', 'S']
 'S' => ['M', 'D']
nodeps1 was ['R', 'T']
nodeps2 was ['G', 'L', 'V']
nodeps3 was ['-', '-', 'O', 'U', 'X', 'Y']
---
 'E' => ['P', 'S', 'M', 'J', 'C']
 'Z' => ['J', 'E', 'Q', 'C', 'P', 'A', 'W']
 'B' => ['K']
 'C' => ['S', 'J']
 'D' => ['K']
 'A' => ['B', 'J', 'S']
 'F' => ['M', 'W', 'Q', 'Z', 'H', 'N', 'P', 'J', 'A']
 'Q' => ['C', 'S', 'E', 'W', 'B']
 'P' => ['A', 'J']
 'N' => ['E', 'Q', 'P', 'A', 'K', 'I', 'J', 'D']
 'I' => ['M']
 'J' => ['D']
 'H' => ['K', 'D', 'N', 'W', 'B', 'Q', 'A', 'E']
 'W' => ['I', 'A', 'B', 'M', 'S']
 'S' => ['M', 'D']
nodeps1 was ['K', 'M']
nodeps2 was ['R', 'T']
nodeps3 was ['-', '-', 'O', 'U', 'X', 'Y', '-', 'G', 'L', 'V']
---
 'E' => ['P', 'S', 'J', 'C']
 'Z' => ['J', 'E', 'Q', 'C', 'P', 'A', 'W']
 'C' => ['S', 'J']
 'A' => ['B', 'J', 'S']
 'F' => ['W', 'Q', 'Z', 'H', 'N', 'P', 'J', 'A']
 'Q' => ['C', 'S', 'E', 'W', 'B']
 'P' => ['A', 'J']
 'N' => ['E', 'Q', 'P', 'A', 'I', 'J', 'D']
 'J' => ['D']
 'H' => ['D', 'N', 'W', 'B', 'Q', 'A', 'E']
 'W' => ['I', 'A', 'B', 'S']
 'S' => ['D']
nodeps1 was ['B', 'D', 'I']
nodeps2 was ['K', 'M']
nodeps3 was ['-', '-', 'O', 'U', 'X', 'Y', '-', 'G', 'L', 'V', '-', 'R', 'T']
---
 'E' => ['P', 'S', 'J', 'C']
 'Z' => ['J', 'E', 'Q', 'C', 'P', 'A', 'W']
 'C' => ['S', 'J']
 'A' => ['J', 'S']
 'F' => ['W', 'Q', 'Z', 'H', 'N', 'P', 'J', 'A']
 'Q' => ['C', 'S', 'E', 'W']
 'P' => ['A', 'J']
 'N' => ['E', 'Q', 'P', 'A', 'J']
 'H' => ['N', 'W', 'Q', 'A', 'E']
 'W' => ['A', 'S']
nodeps1 was ['J', 'S']
nodeps2 was ['B', 'D', 'I']
nodeps3 was ['-', '-', 'O', 'U', 'X', 'Y', '-', 'G', 'L', 'V', '-', 'R', 'T', '-', 'K', 'M']
---
 'E' => ['P', 'C']
 'Z' => ['E', 'Q', 'C', 'P', 'A', 'W']
 'F' => ['W', 'Q', 'Z', 'H', 'N', 'P', 'A']
 'Q' => ['C', 'E', 'W']
 'P' => ['A']
 'N' => ['E', 'Q', 'P', 'A']
 'H' => ['N', 'W', 'Q', 'A', 'E']
 'W' => ['A']
nodeps1 was ['C', 'A']
nodeps2 was ['J', 'S']
nodeps3 was ['-', '-', 'O', 'U', 'X', 'Y', '-', 'G', 'L', 'V', '-', 'R', 'T', '-', 'K', 'M', '-', 'B', 'D', 'I']
---
 'E' => ['P']
 'Z' => ['E', 'Q', 'P', 'W']
 'F' => ['W', 'Q', 'Z', 'H', 'N', 'P']
 'Q' => ['E', 'W']
 'N' => ['E', 'Q', 'P']
 'H' => ['N', 'W', 'Q', 'E']
nodeps1 was ['P', 'W']
nodeps2 was ['C', 'A']
nodeps3 was ['-', '-', 'O', 'U', 'X', 'Y', '-', 'G', 'L', 'V', '-', 'R', 'T', '-', 'K', 'M', '-', 'B', 'D', 'I', '-', 'J', 'S']
---
 'Z' => ['E', 'Q']
 'F' => ['Q', 'Z', 'H', 'N']
 'Q' => ['E']
 'N' => ['E', 'Q']
 'H' => ['N', 'Q', 'E']
nodeps1 was ['E']
nodeps2 was ['P', 'W']
nodeps3 was ['-', '-', 'O', 'U', 'X', 'Y', '-', 'G', 'L', 'V', '-', 'R', 'T', '-', 'K', 'M', '-', 'B', 'D', 'I', '-', 'J', 'S', '-', 'A', 'C']
---
 'Z' => ['Q']
 'F' => ['Q', 'Z', 'H', 'N']
 'N' => ['Q']
 'H' => ['N', 'Q']
nodeps1 was ['Q']
nodeps2 was ['E']
nodeps3 was ['-', '-', 'O', 'U', 'X', 'Y', '-', 'G', 'L', 'V', '-', 'R', 'T', '-', 'K', 'M', '-', 'B', 'D', 'I', '-', 'J', 'S', '-', 'A', 'C', '-', 'P', 'W']
---
 'F' => ['Z', 'H', 'N']
 'H' => ['N']
nodeps1 was ['Z', 'N']
nodeps2 was ['Q']
nodeps3 was ['-', '-', 'O', 'U', 'X', 'Y', '-', 'G', 'L', 'V', '-', 'R', 'T', '-', 'K', 'M', '-', 'B', 'D', 'I', '-', 'J', 'S', '-', 'A', 'C', '-', 'P', 'W', '-', 'E']
---
 'F' => ['H']
nodeps1 was ['H']
nodeps2 was ['Z', 'N']
nodeps3 was ['-', '-', 'O', 'U', 'X', 'Y', '-', 'G', 'L', 'V', '-', 'R', 'T', '-', 'K', 'M', '-', 'B', 'D', 'I', '-', 'J', 'S', '-', 'A', 'C', '-', 'P', 'W', '-', 'E', '-', 'Q']
---
